2025-03-27 20:50:41 | 作者: 又一Yoyi | 专辑: 又一次来了 | 音乐文件: 霓虹甜心（20250327）.mp3 | 视频文件: [P2]霓虹甜心_20250327205041.mp4 -> h:\Yoyi\videos\old
2025-03-27 21:13:43 | 作者: 锟斤拷一Yoyi | 专辑: 锟斤拷一锟斤拷锟斤拷锟斤拷 | 音乐文件: 永远的奥特曼（20250304）.mp3 | 视频文件: 【又一歌】丽娜队员！《永远的奥特曼》cover LINE 迪迦奥特曼片尾曲_哔哩哔哩_bilibili_20250327211343.mp4 -> h:\Yoyi\videos\old
2025-03-27 21:18:40 | 作者: 又一Yoyi | 专辑: 又一次来了 | 音乐文件: 永远的奥特曼（20250304）.mp3 | 视频文件: 【又一歌】丽娜队员！《永远的奥特曼》cover LINE 迪迦奥特曼片尾曲_哔哩哔哩_bilibili_20250327211343_20250327211840.mp4 -> h:\Yoyi\videos\old
2025-03-27 22:35:34 | 作者: 又一Yoyi | 专辑: 又一次来了 | 音乐文件: 心愿便利贴（20250218）.mp3 | 视频文件: [P1]心愿便利贴_20250327223534.mp4 -> h:\Yoyi\videos\old
2025-03-27 22:37:42 | 作者: 又一Yoyi | 专辑: 又一次来了 | 音乐文件: 月夜（20250218）.mp3 | 视频文件: [P2]月夜_20250327223742.mp4 -> h:\Yoyi\videos\old
2025-03-27 22:39:03 | 作者: 又一Yoyi | 专辑: 又一次来了 | 音乐文件: 恋爱频率（20250218）.mp3 | 视频文件: [P3]恋爱频率_20250327223903.mp4 -> h:\Yoyi\videos\old
2025-03-27 22:39:30 | 作者: 又一Yoyi | 专辑: 又一次来了 | 音乐文件: 亲亲（20250218）.mp3 | 视频文件: [P4]亲亲_20250327223930.mp4 -> h:\Yoyi\videos\old
2025-03-27 22:40:04 | 作者: 又一Yoyi | 专辑: 又一次来了 | 音乐文件: 123木头人（20250218）.mp3 | 视频文件: [P5]123木头人_20250327224004.mp4 -> h:\Yoyi\videos\old
2025-03-27 22:40:29 | 作者: 又一Yoyi | 专辑: 又一次来了 | 音乐文件: 长腿叔叔（20250218）.mp3 | 视频文件: [P6]长腿叔叔_20250327224029.mp4 -> h:\Yoyi\videos\old
2025-03-27 22:40:52 | 作者: 又一Yoyi | 专辑: 又一次来了 | 音乐文件: 苦茶（20250218）.mp3 | 视频文件: [P7]苦茶_20250327224052.mp4 -> h:\Yoyi\videos\old
2025-03-27 22:41:21 | 作者: 又一Yoyi | 专辑: 又一次来了 | 音乐文件: 专属天使（20250218）.mp3 | 视频文件: [P8]专属天使_20250327224121.mp4 -> h:\Yoyi\videos\old
2025-03-27 22:41:46 | 作者: 又一Yoyi | 专辑: 又一次来了 | 音乐文件: 再次重逢的世界（20250218）.mp3 | 视频文件: [P9]再次重逢的世界_20250327224146.mp4 -> h:\Yoyi\videos\old
2025-03-28 11:38:39 | 作者: 又一Yoyi | 专辑: 又一次来了 | 音乐文件: 大鱼（20250215）.mp3 | 视频文件: 【又一】直播复刻“恬豆断气版《大鱼》”漏气学的有九分相似🤣但是缺少了牢豆那股自然感🤭_哔哩哔哩_bilibili_20250328113839.mp4 -> H:\Yoyi\videos\old
2025-03-28 11:42:21 | 剪辑文件: 大鱼（20250215）.mp3 | 起始: 36s | 结束: 5：42s
2025-03-28 11:52:27 | 作者: 又一Yoyi | 专辑: 又一次来了 | 音乐文件: 永不失联的爱（20250215）.mp3 | 视频文件: 【又一歌】试麦《永不失联的爱》cover周兴哲 2025.02.15_哔哩哔哩_bilibili_20250328115227.mp4 -> H:\Yoyi\videos\old
2025-03-28 11:57:55 | 作者: 又一Yoyi | 专辑: 又一次来了 | 音乐文件: 你（20250212）.mp3 | 视频文件: 【又一歌】清唱晚安曲《你》cover林依晨 2025.02.12_哔哩哔哩_bilibili_20250328115755.mp4 -> H:\Yoyi\videos\old
2025-03-29 11:31:15 | 作者: 又一Yoyi | 专辑: 又一次来了 | 音乐文件: 性感小野猫（20250209）.mp3 | 视频文件: [P01]性感小野猫_20250329113115.mp4 -> H:\Yoyi\videos\old
2025-03-29 11:34:40 | 作者: 又一Yoyi | 专辑: 又一次来了 | 音乐文件: 遇见（20250209）.mp3 | 视频文件: [P02]遇见_20250329113440.mp4 -> H:\Yoyi\videos\old
2025-03-29 11:34:50 | 作者: 又一Yoyi | 专辑: 又一次来了 | 音乐文件: 迷迭香（20250209）.mp3 | 视频文件: [P03]迷迭香_20250329113450.mp4 -> H:\Yoyi\videos\old
2025-03-29 11:35:03 | 作者: 又一Yoyi | 专辑: 又一次来了 | 音乐文件: If I Ain't Got You（20250209）.mp3 | 视频文件: [P04]If I Ain't Got You（一小段）_20250329113503.mp4 -> H:\Yoyi\videos\old
2025-03-29 11:35:14 | 作者: 又一Yoyi | 专辑: 又一次来了 | 音乐文件: Wonderful U（20250209）.mp3 | 视频文件: [P05]Wonderful U_20250329113514.mp4 -> H:\Yoyi\videos\old
2025-03-29 11:35:23 | 作者: 又一Yoyi | 专辑: 又一次来了 | 音乐文件: 小小（20250209）.mp3 | 视频文件: [P06]小小_20250329113523.mp4 -> H:\Yoyi\videos\old
2025-03-29 11:35:33 | 作者: 又一Yoyi | 专辑: 又一次来了 | 音乐文件: 小幸运（20250209）.mp3 | 视频文件: [P07]小幸运_20250329113533.mp4 -> H:\Yoyi\videos\old
2025-03-29 11:35:42 | 作者: 又一Yoyi | 专辑: 又一次来了 | 音乐文件: 爱的供养（20250209）.mp3 | 视频文件: [P08]爱的供养_20250329113542.mp4 -> H:\Yoyi\videos\old
2025-03-29 11:35:50 | 作者: 又一Yoyi | 专辑: 又一次来了 | 音乐文件: 兰亭序（20250209）.mp3 | 视频文件: [P09]兰亭序_20250329113550.mp4 -> H:\Yoyi\videos\old
2025-03-29 11:35:59 | 作者: 又一Yoyi | 专辑: 又一次来了 | 音乐文件: 雨爱（20250209）.mp3 | 视频文件: [P10]雨爱_20250329113559.mp4 -> H:\Yoyi\videos\old
2025-03-29 11:36:08 | 作者: 又一Yoyi | 专辑: 又一次来了 | 音乐文件: 下雨天（20250209）.mp3 | 视频文件: [P11]下雨天_20250329113608.mp4 -> H:\Yoyi\videos\old
2025-03-29 11:36:17 | 作者: 又一Yoyi | 专辑: 又一次来了 | 音乐文件: 月牙湾（20250209）.mp3 | 视频文件: [P12]月牙湾_20250329113617.mp4 -> H:\Yoyi\videos\old
2025-03-29 11:36:28 | 作者: 又一Yoyi | 专辑: 又一次来了 | 音乐文件: 阿楚姑娘（20250209）.mp3 | 视频文件: [P13]阿楚姑娘_20250329113628.mp4 -> H:\Yoyi\videos\old
2025-03-29 11:36:42 | 作者: 又一Yoyi | 专辑: 又一次来了 | 音乐文件: 靠近（20250209）.mp3 | 视频文件: [P14]靠近（袁娅维版）_20250329113642.mp4 -> H:\Yoyi\videos\old
2025-03-29 11:36:52 | 作者: 又一Yoyi | 专辑: 又一次来了 | 音乐文件: 月相的监守自盗（20250209）.mp3 | 视频文件: [P15]月相的监守自盗_20250329113652.mp4 -> H:\Yoyi\videos\old
2025-03-29 22:26:54 | 作者: 又一Yoyi | 专辑: 又一次来了 | 音乐文件: 喜欢你（20250201）.mp3 | 视频文件: 【又一歌】清唱《喜欢你》《天天》《天黑黑》2025.02.01 P3 天黑黑_20250329222654.mp4 -> H:\Yoyi\videos\old
2025-03-29 22:27:53 | 作者: 又一Yoyi | 专辑: 又一次来了 | 音乐文件: 天天（20250201）.mp3 | 视频文件: 【又一歌】清唱《喜欢你》《天天》《天黑黑》2025.02.01 P2 天天_20250329222654_20250329222753.mp4 -> H:\Yoyi\videos\old
2025-03-29 22:28:08 | 作者: 又一Yoyi | 专辑: 又一次来了 | 音乐文件: 天黑黑（20250201）.mp3 | 视频文件: 【又一歌】清唱《喜欢你》《天天》《天黑黑》2025.02.01 P3 天黑黑_20250329222654_20250329222808.mp4 -> H:\Yoyi\videos\old
2025-03-30 12:33:28 | 作者: 又一Yoyi | 专辑: 又一次来了 | 音乐文件: 下一个天亮（20250329）.mp3 | 视频文件: [P1]下一个天亮_20250330123328.mp4 -> H:\Yoyi\videos\old
2025-03-30 12:37:50 | 作者: 又一Yoyi | 专辑: 又一次来了 | 音乐文件: 苏州河（20250329）.mp3 | 视频文件: [P2]苏州河_20250330123750.mp4 -> H:\Yoyi\videos\old
2025-03-30 13:08:55 | 作者: 又一Yoyi | 专辑: 又一次来了 | 音乐文件: 血腥爱情故事（20201114）.mp3 | 视频文件: 【SNH48】高音爆炸预警！太绝了！《血腥爱情故事》刘增艳 袁雨桢 温晶婕cover.20201114 SNH48 TeamSII 《天黑请闭眼》公演_哔哩哔哩_bilibili_20250330130855.mp4 -> H:\Yoyi\videos\old
2025-03-30 13:22:53 | 剪辑文件: 血腥爱情故事（20201114）.mp3 | 起始: 0s | 结束: 4:19s
2025-03-30 21:54:59 | 作者: 又一Yoyi | 专辑: 又一次来了 | 音乐文件: 月相的监守自盗（20240331）.mp3 | 视频文件: 【原创单曲】《月相的监守自盗》PV版_哔哩哔哩_bilibili_20250330215459.mp4 -> H:\Yoyi\videos\old
2025-03-30 22:05:48 | 作者: 又一Yoyi | 专辑: 又一次来了 | 音乐文件: 夜蝶（20201114）.mp3 | 视频文件: 【SNH48】袁雨桢 刘增艳 -《夜蝶》20201114_哔哩哔哩_bilibili_20250330220548.mp4 -> H:\Yoyi\videos\old
2025-03-30 22:09:44 | 剪辑文件: 夜蝶（20201114）.mp3 | 起始: 0s | 结束: 3：54s
2025-03-31 11:06:33 | 作者: 又一Yoyi | 专辑: 又一次来了 | 音乐文件: 免我蹉跎苦（20250126）.mp3 | 视频文件: 【冰火歌会】谁也不能欺负我们四个！！国风唱跳《免我蹉跎苦》🙏🏻🙏🏻_哔哩哔哩_bilibili_20250331110633.mp4 -> H:\Yoyi\videos\old
2025-03-31 11:11:11 | 作者: 又一Yoyi | 专辑: 又一次来了 | 音乐文件: 心乱飞（20250119）.mp3 | 视频文件: [P1]心乱飞_20250331111111.mp4 -> H:\Yoyi\videos\old
2025-03-31 11:11:22 | 作者: 又一Yoyi | 专辑: 又一次来了 | 音乐文件: Susan说（20250119）.mp3 | 视频文件: [P2]Susan说_20250331111122.mp4 -> H:\Yoyi\videos\old
2025-03-31 14:01:45 | 作者: 又一Yoyi | 专辑: 又一次来了 | 音乐文件: 下一个天亮（20250330）.mp3 | 视频文件: [P1]下一个天亮_20250330123328_20250331140145.mp4 -> H:\Yoyi\videos\old
2025-03-31 15:07:23 | 作者: 又一Yoyi | 专辑: 又一次来了 | 音乐文件: 下一个天亮（20240327）.mp3 | 视频文件: [P1]下一个天亮_20250330123328_20250331140145_20250331150723.mp4 -> H:\Yoyi\videos\old
2025-03-31 15:07:52 | 剪辑文件: 下一个天亮（20240327）.mp3 | 起始: 1s | 结束: 20s
